<?xml version="1.0" encoding="UTF-8"?>
<!-- Generated by org.testng.reporters.JUnitReportReporter -->
<testsuite hostname="MacBook-Pro-de-Andre.local" name="runners.TestRunner" tests="1" failures="0" timestamp="9 Oct 2020 07:51:21 GMT" time="0.073" errors="0">
  <testcase name="feature" time="0.073" classname="runners.TestRunner"/>
</testsuite> <!-- runners.TestRunner -->
